<?xml version="1.0" encoding="UTF-8"?>
<!-- Generated by org.testng.reporters.JUnitReportReporter -->
<testsuite hostname="TRD-127" failures="0" tests="1" name="virtualDevices.CloudApp" time="30.333" errors="0" timestamp="2023-09-16T13:29:59 IST" skipped="0">
  <testcase classname="virtualDevices.CloudApp" name="LaunchNOPCommApp" time="30.333"/>
</testsuite> <!-- virtualDevices.CloudApp -->
