<?xml version="1.0" encoding="UTF-8"?>
<!-- Generated by org.testng.reporters.JUnitReportReporter -->
<testsuite hostname="TRD-127" failures="0" tests="1" name="virtualDevices.AppTestClock" time="15.346" errors="0" timestamp="2023-09-16T15:36:24 IST" skipped="0">
  <testcase classname="virtualDevices.AppTestClock" name="verifyDate" time="15.346"/>
</testsuite> <!-- virtualDevices.AppTestClock -->
