<?xml version="1.0" encoding="UTF-8"?>
<!-- Generated by org.testng.reporters.JUnitReportReporter -->
<testsuite hostname="TRD-127" failures="0" tests="1" name="virtualDevices.CalenderApp_GooglePixle" time="59.348" errors="0" timestamp="2023-06-10T17:02:54 IST" skipped="0">
  <testcase classname="virtualDevices.CalenderApp_GooglePixle" name="verifyDate" time="59.348"/>
</testsuite> <!-- virtualDevices.CalenderApp_GooglePixle -->
