<?xml version="1.0" encoding="UTF-8"?>
<!-- Generated by org.testng.reporters.JUnitReportReporter -->
<testsuite hostname="TRD-127" failures="0" tests="1" name="virtualDevices.AppTest" time="42.979" errors="0" timestamp="2023-09-16T15:04:16 IST" skipped="0">
  <testcase classname="virtualDevices.AppTest" name="verifyDate" time="42.979"/>
</testsuite> <!-- virtualDevices.AppTest -->
