<?xml version="1.0" encoding="UTF-8"?>
<!-- Generated by org.testng.reporters.JUnitReportReporter -->
<testsuite skipped="0" hostname="TRD-127" name="virtualDevices.AppTestClock" tests="1" failures="0" timestamp="2023-09-16T15:47:39 IST" time="16.676" errors="0">
  <testcase name="verifyDate" time="16.676" classname="virtualDevices.AppTestClock"/>
</testsuite> <!-- virtualDevices.AppTestClock -->
